-- Logs begin at Tue 2016-07-26 15:13:04 PDT, end at Tue 2016-07-26 15:22:39 PDT. --
Jul 26 15:15:56 apoorva-testbed-2 systemd[1]: Starting Docker Application Container Engine...
Jul 26 15:15:56 apoorva-testbed-2 docker[8108]: time="2016-07-26T15:15:56.278038428-07:00" level=warning msg="devmapper: Usage of loopback devices is strongly discouraged for production use. Please use `--storage-opt dm.thinpooldev` or use `man docker` to refer to dm.thinpooldev section."
Jul 26 15:15:56 apoorva-testbed-2 docker[8108]: time="2016-07-26T15:15:56.298353219-07:00" level=info msg="devmapper: Creating filesystem xfs on device docker-253:0-3260083-base"
Jul 26 15:15:56 apoorva-testbed-2 docker[8108]: time="2016-07-26T15:15:56.417662522-07:00" level=info msg="devmapper: Successfully created filesystem xfs on device docker-253:0-3260083-base"
Jul 26 15:15:56 apoorva-testbed-2 docker[8108]: time="2016-07-26T15:15:56.482021276-07:00" level=info msg="Graph migration to content-addressability took 0.00 seconds"
Jul 26 15:15:56 apoorva-testbed-2 docker[8108]: time="2016-07-26T15:15:56.495332219-07:00" level=info msg="Firewalld running: true"
Jul 26 15:15:56 apoorva-testbed-2 docker[8108]: time="2016-07-26T15:15:56.579828196-07:00" level=info msg="Default bridge (docker0) is assigned with an IP address 172.17.0.0/16. Daemon option --bip can be used to set a preferred IP address"
Jul 26 15:15:56 apoorva-testbed-2 docker[8108]: time="2016-07-26T15:15:56.681312211-07:00" level=info msg="Loading containers: start."
Jul 26 15:15:56 apoorva-testbed-2 docker[8108]: time="2016-07-26T15:15:56.681388286-07:00" level=info msg="Loading containers: done."
Jul 26 15:15:56 apoorva-testbed-2 docker[8108]: time="2016-07-26T15:15:56.681401991-07:00" level=info msg="Daemon has completed initialization"
Jul 26 15:15:56 apoorva-testbed-2 docker[8108]: time="2016-07-26T15:15:56.681418606-07:00" level=info msg="Docker daemon" commit=20f81dd execdriver=native-0.2 graphdriver=devicemapper version=1.10.3
Jul 26 15:15:56 apoorva-testbed-2 docker[8108]: time="2016-07-26T15:15:56.687961346-07:00" level=info msg="API listen on /var/run/docker.sock"
Jul 26 15:15:56 apoorva-testbed-2 docker[8108]: time="2016-07-26T15:15:56.688035044-07:00" level=info msg="API listen on [::]:2385"
Jul 26 15:15:56 apoorva-testbed-2 systemd[1]: Started Docker Application Container Engine.
Jul 26 15:16:16 apoorva-testbed-2 docker[8108]: time="2016-07-26T15:16:16.689652606-07:00" level=error msg="Handler for GET /v1.22/containers/skynetservices/skydns/json returned error: No such container: skynetservices/skydns"
Jul 26 15:16:16 apoorva-testbed-2 docker[8108]: time="2016-07-26T15:16:16.690827021-07:00" level=error msg="Handler for GET /v1.22/images/skynetservices/skydns/json returned error: No such image: skynetservices/skydns"
Jul 26 15:16:47 apoorva-testbed-2 docker[8108]: time="2016-07-26T15:16:47.510312454-07:00" level=warning msg="DEPRECATED: Setting host configuration options when the container starts is deprecated and will be removed in Docker 1.12"
Jul 26 15:17:09 apoorva-testbed-2 docker[8108]: time="2016-07-26T15:17:09.524038998-07:00" level=error msg="error registering driver for netplugin due to Driver already registered for type \"netplugin\""
Jul 26 15:17:09 apoorva-testbed-2 docker[8108]: time="2016-07-26T15:17:09.525895529-07:00" level=error msg="error registering remote ipam driver netplugin due to ipam driver \"netplugin\" already registered"
Jul 26 15:17:55 apoorva-testbed-2 docker[8108]: time="2016-07-26T15:17:55.597049974-07:00" level=error msg="error registering driver for netplugin due to Driver already registered for type \"netplugin\""
Jul 26 15:17:55 apoorva-testbed-2 docker[8108]: time="2016-07-26T15:17:55.599562932-07:00" level=error msg="error registering remote ipam driver netplugin due to ipam driver \"netplugin\" already registered"
Jul 26 15:18:34 apoorva-testbed-2 docker[8108]: time="2016-07-26T15:18:34.201720147-07:00" level=error msg="error registering driver for netplugin due to Driver already registered for type \"netplugin\""
Jul 26 15:18:34 apoorva-testbed-2 docker[8108]: time="2016-07-26T15:18:34.202932647-07:00" level=error msg="error registering remote ipam driver netplugin due to ipam driver \"netplugin\" already registered"
Jul 26 15:18:50 apoorva-testbed-2 docker[8108]: time="2016-07-26T15:18:50.779543301-07:00" level=warning msg="Unable to connect to plugin: /run/docker/plugins/netplugin.sock, retrying in 1s"
Jul 26 15:18:51 apoorva-testbed-2 docker[8108]: time="2016-07-26T15:18:51.780910298-07:00" level=warning msg="Unable to connect to plugin: /run/docker/plugins/netplugin.sock, retrying in 2s"
Jul 26 15:18:53 apoorva-testbed-2 docker[8108]: time="2016-07-26T15:18:53.781318028-07:00" level=warning msg="Unable to connect to plugin: /run/docker/plugins/netplugin.sock, retrying in 4s"
Jul 26 15:18:57 apoorva-testbed-2 docker[8108]: time="2016-07-26T15:18:57.781703110-07:00" level=warning msg="Unable to connect to plugin: /run/docker/plugins/netplugin.sock, retrying in 8s"
Jul 26 15:19:05 apoorva-testbed-2 docker[8108]: time="2016-07-26T15:19:05.782078234-07:00" level=error msg="<nil>"
Jul 26 15:19:22 apoorva-testbed-2 docker[8108]: time="2016-07-26T15:19:22.384546492-07:00" level=warning msg="Unable to connect to plugin: /run/docker/plugins/netplugin.sock, retrying in 1s"
Jul 26 15:19:23 apoorva-testbed-2 docker[8108]: time="2016-07-26T15:19:23.384884581-07:00" level=warning msg="Unable to connect to plugin: /run/docker/plugins/netplugin.sock, retrying in 2s"
Jul 26 15:19:25 apoorva-testbed-2 docker[8108]: time="2016-07-26T15:19:25.385206477-07:00" level=warning msg="Unable to connect to plugin: /run/docker/plugins/netplugin.sock, retrying in 4s"
Jul 26 15:19:29 apoorva-testbed-2 docker[8108]: time="2016-07-26T15:19:29.385571990-07:00" level=warning msg="Unable to connect to plugin: /run/docker/plugins/netplugin.sock, retrying in 8s"
Jul 26 15:19:37 apoorva-testbed-2 docker[8108]: time="2016-07-26T15:19:37.385998012-07:00" level=error msg="<nil>"
Jul 26 15:19:43 apoorva-testbed-2 docker[8108]: time="2016-07-26T15:19:43.485907546-07:00" level=error msg="Handler for GET /v1.15/containers/3227084b46aeba6de6eadc03868ab5330e8f1fa70fc6df1d26f2a64ea0526d6b/json returned error: devmapper: Unknown device ddd5c60d5dff3e08838f6aa7b566438562bf0e783135f12de1a19a2c795e0af4"
Jul 26 15:19:43 apoorva-testbed-2 docker[8108]: time="2016-07-26T15:19:43.486885756-07:00" level=error msg="Handler for GET /v1.15/containers/3227084b46aeba6de6eadc03868ab5330e8f1fa70fc6df1d26f2a64ea0526d6b/json returned error: No such container: 3227084b46aeba6de6eadc03868ab5330e8f1fa70fc6df1d26f2a64ea0526d6b"
Jul 26 15:19:57 apoorva-testbed-2 docker[8108]: time="2016-07-26T15:19:57.445382939-07:00" level=warning msg="Unable to connect to plugin: /run/docker/plugins/netplugin.sock, retrying in 1s"
Jul 26 15:19:58 apoorva-testbed-2 docker[8108]: time="2016-07-26T15:19:58.445715971-07:00" level=warning msg="Unable to connect to plugin: /run/docker/plugins/netplugin.sock, retrying in 2s"
Jul 26 15:20:00 apoorva-testbed-2 docker[8108]: time="2016-07-26T15:20:00.446191398-07:00" level=warning msg="Unable to connect to plugin: /run/docker/plugins/netplugin.sock, retrying in 4s"
Jul 26 15:20:04 apoorva-testbed-2 docker[8108]: time="2016-07-26T15:20:04.447401666-07:00" level=warning msg="Unable to connect to plugin: /run/docker/plugins/netplugin.sock, retrying in 8s"
Jul 26 15:20:07 apoorva-testbed-2 docker[8108]: time="2016-07-26T15:20:07.493488085-07:00" level=error msg="Handler for POST /v1.22/containers/etcd/stop returned error: No such container: etcd"
Jul 26 15:20:07 apoorva-testbed-2 docker[8108]: time="2016-07-26T15:20:07.527420537-07:00" level=error msg="Handler for DELETE /v1.22/containers/etcd returned error: No such container: etcd"
Jul 26 15:20:12 apoorva-testbed-2 docker[8108]: time="2016-07-26T15:20:12.448836021-07:00" level=error msg="<nil>"
Jul 26 15:20:18 apoorva-testbed-2 docker[8108]: time="2016-07-26T15:20:18.444760736-07:00" level=error msg="Handler for POST /v1.22/containers/etcd/stop returned error: No such container: etcd"
Jul 26 15:20:18 apoorva-testbed-2 docker[8108]: time="2016-07-26T15:20:18.477603153-07:00" level=error msg="Handler for DELETE /v1.22/containers/etcd returned error: No such container: etcd"
Jul 26 15:20:29 apoorva-testbed-2 docker[8108]: time="2016-07-26T15:20:29.450189819-07:00" level=error msg="Handler for POST /v1.22/containers/etcd/stop returned error: No such container: etcd"
Jul 26 15:20:29 apoorva-testbed-2 docker[8108]: time="2016-07-26T15:20:29.482786645-07:00" level=error msg="Handler for DELETE /v1.22/containers/etcd returned error: No such container: etcd"
Jul 26 15:20:34 apoorva-testbed-2 docker[8108]: time="2016-07-26T15:20:34.878315147-07:00" level=warning msg="Unable to connect to plugin: /run/docker/plugins/netplugin.sock, retrying in 1s"
Jul 26 15:20:35 apoorva-testbed-2 docker[8108]: time="2016-07-26T15:20:35.878634772-07:00" level=warning msg="Unable to connect to plugin: /run/docker/plugins/netplugin.sock, retrying in 2s"
Jul 26 15:20:37 apoorva-testbed-2 docker[8108]: time="2016-07-26T15:20:37.878968685-07:00" level=warning msg="Unable to connect to plugin: /run/docker/plugins/netplugin.sock, retrying in 4s"
Jul 26 15:20:40 apoorva-testbed-2 docker[8108]: time="2016-07-26T15:20:40.456262816-07:00" level=error msg="Handler for POST /v1.22/containers/etcd/stop returned error: No such container: etcd"
Jul 26 15:20:40 apoorva-testbed-2 docker[8108]: time="2016-07-26T15:20:40.487802132-07:00" level=error msg="Handler for DELETE /v1.22/containers/etcd returned error: No such container: etcd"
Jul 26 15:20:41 apoorva-testbed-2 docker[8108]: time="2016-07-26T15:20:41.880145511-07:00" level=warning msg="Unable to connect to plugin: /run/docker/plugins/netplugin.sock, retrying in 8s"
Jul 26 15:20:49 apoorva-testbed-2 docker[8108]: time="2016-07-26T15:20:49.880532361-07:00" level=error msg="<nil>"
Jul 26 15:20:51 apoorva-testbed-2 docker[8108]: time="2016-07-26T15:20:51.442880323-07:00" level=error msg="Handler for POST /v1.22/containers/etcd/stop returned error: No such container: etcd"
Jul 26 15:20:51 apoorva-testbed-2 docker[8108]: time="2016-07-26T15:20:51.474864661-07:00" level=error msg="Handler for DELETE /v1.22/containers/etcd returned error: No such container: etcd"
Jul 26 15:21:02 apoorva-testbed-2 docker[8108]: time="2016-07-26T15:21:02.443947884-07:00" level=error msg="Handler for POST /v1.22/containers/etcd/stop returned error: No such container: etcd"
Jul 26 15:21:02 apoorva-testbed-2 docker[8108]: time="2016-07-26T15:21:02.474745946-07:00" level=error msg="Handler for DELETE /v1.22/containers/etcd returned error: No such container: etcd"
Jul 26 15:21:11 apoorva-testbed-2 docker[8108]: time="2016-07-26T15:21:11.885965703-07:00" level=warning msg="Unable to connect to plugin: /run/docker/plugins/netplugin.sock, retrying in 1s"
Jul 26 15:21:12 apoorva-testbed-2 docker[8108]: time="2016-07-26T15:21:12.886858460-07:00" level=warning msg="Unable to connect to plugin: /run/docker/plugins/netplugin.sock, retrying in 2s"
Jul 26 15:21:13 apoorva-testbed-2 docker[8108]: time="2016-07-26T15:21:13.473006613-07:00" level=error msg="Handler for POST /v1.22/containers/etcd/stop returned error: No such container: etcd"
Jul 26 15:21:13 apoorva-testbed-2 docker[8108]: time="2016-07-26T15:21:13.506072870-07:00" level=error msg="Handler for DELETE /v1.22/containers/etcd returned error: No such container: etcd"
Jul 26 15:21:14 apoorva-testbed-2 docker[8108]: time="2016-07-26T15:21:14.887609459-07:00" level=warning msg="Unable to connect to plugin: /run/docker/plugins/netplugin.sock, retrying in 4s"
Jul 26 15:21:18 apoorva-testbed-2 docker[8108]: time="2016-07-26T15:21:18.887967197-07:00" level=warning msg="Unable to connect to plugin: /run/docker/plugins/netplugin.sock, retrying in 8s"
Jul 26 15:21:24 apoorva-testbed-2 docker[8108]: time="2016-07-26T15:21:24.478433704-07:00" level=error msg="Handler for POST /v1.22/containers/etcd/stop returned error: No such container: etcd"
Jul 26 15:21:24 apoorva-testbed-2 docker[8108]: time="2016-07-26T15:21:24.510232000-07:00" level=error msg="Handler for DELETE /v1.22/containers/etcd returned error: No such container: etcd"
Jul 26 15:21:26 apoorva-testbed-2 docker[8108]: time="2016-07-26T15:21:26.888500932-07:00" level=error msg="<nil>"
Jul 26 15:21:35 apoorva-testbed-2 docker[8108]: time="2016-07-26T15:21:35.432413819-07:00" level=error msg="Handler for POST /v1.22/containers/etcd/stop returned error: No such container: etcd"
Jul 26 15:21:35 apoorva-testbed-2 docker[8108]: time="2016-07-26T15:21:35.465010158-07:00" level=error msg="Handler for DELETE /v1.22/containers/etcd returned error: No such container: etcd"
Jul 26 15:21:37 apoorva-testbed-2 docker[8108]: time="2016-07-26T15:21:37.359078684-07:00" level=warning msg="Unable to connect to plugin: /run/docker/plugins/netplugin.sock, retrying in 1s"
Jul 26 15:21:38 apoorva-testbed-2 docker[8108]: time="2016-07-26T15:21:38.359469383-07:00" level=warning msg="Unable to connect to plugin: /run/docker/plugins/netplugin.sock, retrying in 2s"
Jul 26 15:21:40 apoorva-testbed-2 docker[8108]: time="2016-07-26T15:21:40.360842068-07:00" level=warning msg="Unable to connect to plugin: /run/docker/plugins/netplugin.sock, retrying in 4s"
Jul 26 15:21:44 apoorva-testbed-2 docker[8108]: time="2016-07-26T15:21:44.361182878-07:00" level=warning msg="Unable to connect to plugin: /run/docker/plugins/netplugin.sock, retrying in 8s"
Jul 26 15:21:46 apoorva-testbed-2 docker[8108]: time="2016-07-26T15:21:46.469670391-07:00" level=error msg="Handler for POST /v1.22/containers/etcd/stop returned error: No such container: etcd"
Jul 26 15:21:46 apoorva-testbed-2 docker[8108]: time="2016-07-26T15:21:46.500094362-07:00" level=error msg="Handler for DELETE /v1.22/containers/etcd returned error: No such container: etcd"
Jul 26 15:21:52 apoorva-testbed-2 docker[8108]: time="2016-07-26T15:21:52.361749603-07:00" level=error msg="<nil>"
Jul 26 15:21:57 apoorva-testbed-2 docker[8108]: time="2016-07-26T15:21:57.433251470-07:00" level=error msg="Handler for POST /v1.22/containers/etcd/stop returned error: No such container: etcd"
Jul 26 15:21:57 apoorva-testbed-2 docker[8108]: time="2016-07-26T15:21:57.470169116-07:00" level=error msg="Handler for DELETE /v1.22/containers/etcd returned error: No such container: etcd"
Jul 26 15:22:08 apoorva-testbed-2 docker[8108]: time="2016-07-26T15:22:08.435539008-07:00" level=error msg="Handler for POST /v1.22/containers/etcd/stop returned error: No such container: etcd"
Jul 26 15:22:08 apoorva-testbed-2 docker[8108]: time="2016-07-26T15:22:08.466759767-07:00" level=error msg="Handler for DELETE /v1.22/containers/etcd returned error: No such container: etcd"
Jul 26 15:22:15 apoorva-testbed-2 docker[8108]: time="2016-07-26T15:22:15.891226723-07:00" level=warning msg="Unable to connect to plugin: /run/docker/plugins/netplugin.sock, retrying in 1s"
Jul 26 15:22:16 apoorva-testbed-2 docker[8108]: time="2016-07-26T15:22:16.892452917-07:00" level=warning msg="Unable to connect to plugin: /run/docker/plugins/netplugin.sock, retrying in 2s"
Jul 26 15:22:18 apoorva-testbed-2 docker[8108]: time="2016-07-26T15:22:18.892890349-07:00" level=warning msg="Unable to connect to plugin: /run/docker/plugins/netplugin.sock, retrying in 4s"
Jul 26 15:22:19 apoorva-testbed-2 docker[8108]: time="2016-07-26T15:22:19.516304962-07:00" level=error msg="Handler for POST /v1.22/containers/etcd/stop returned error: No such container: etcd"
Jul 26 15:22:19 apoorva-testbed-2 docker[8108]: time="2016-07-26T15:22:19.558444985-07:00" level=error msg="Handler for DELETE /v1.22/containers/etcd returned error: No such container: etcd"
Jul 26 15:22:22 apoorva-testbed-2 docker[8108]: time="2016-07-26T15:22:22.893207504-07:00" level=warning msg="Unable to connect to plugin: /run/docker/plugins/netplugin.sock, retrying in 8s"
Jul 26 15:22:30 apoorva-testbed-2 docker[8108]: time="2016-07-26T15:22:30.455482131-07:00" level=error msg="Handler for POST /v1.22/containers/etcd/stop returned error: No such container: etcd"
Jul 26 15:22:30 apoorva-testbed-2 docker[8108]: time="2016-07-26T15:22:30.487811607-07:00" level=error msg="Handler for DELETE /v1.22/containers/etcd returned error: No such container: etcd"
Jul 26 15:22:30 apoorva-testbed-2 docker[8108]: time="2016-07-26T15:22:30.893562882-07:00" level=error msg="<nil>"
